<?xml version="1.0" encoding="UTF-8"?>
<testng-results ignored="0" total="1" passed="1" failed="0" skipped="0">
  <reporter-output>
  </reporter-output>
  <suite started-at="2022-07-27T20:24:28 IST" name="Default suite" finished-at="2022-07-27T20:24:44 IST" duration-ms="15304">
    <groups>
    </groups>
    <test started-at="2022-07-27T20:24:28 IST" name="Default test" finished-at="2022-07-27T20:24:44 IST" duration-ms="15304">
      <class name="autosuggestion.red">
        <test-method is-config="true" signature="openapp()[pri:0, instance:autosuggestion.red@55536d9e]" started-at="2022-07-27T20:24:28 IST" name="openapp" finished-at="2022-07-27T20:24:42 IST" duration-ms="13597" status="PASS">
          <reporter-output>
          </reporter-output>
        </test-method> <!-- openapp -->
        <test-method signature="instagram()[pri:0, instance:autosuggestion.red@55536d9e]" started-at="2022-07-27T20:24:42 IST" name="instagram" finished-at="2022-07-27T20:24:43 IST" duration-ms="1076" status="PASS">
          <reporter-output>
          </reporter-output>
        </test-method> <!-- instagram -->
        <test-method is-config="true" signature="closeApp()[pri:0, instance:autosuggestion.red@55536d9e]" started-at="2022-07-27T20:24:43 IST" name="closeApp" finished-at="2022-07-27T20:24:44 IST" duration-ms="548" status="PASS">
          <reporter-output>
          </reporter-output>
        </test-method> <!-- closeApp -->
      </class> <!-- autosuggestion.red -->
    </test> <!-- Default test -->
  </suite> <!-- Default suite -->
</testng-results>
